{"uuid":"5416042d-ad78-4c6e-9de4-a68622d6cd52","historyId":"b8b1410ec47c730d18da13d972eb87e","fullName":"tests.RestfulBookerTests.RegisterUser","labels":[{"name":"package","value":"tests.RestfulBookerTests"},{"name":"testClass","value":"tests.RestfulBookerTests"},{"name":"testMethod","value":"RegisterUser"},{"name":"parentSuite","value":"Default Suite"},{"name":"suite","value":"Shaft-Engine-GUI-API-main"},{"name":"subSuite","value":"tests.RestfulBookerTests"},{"name":"host","value":"taghrid-alsayed"},{"name":"thread","value":"29840@taghrid-alsayed.main(1)"},{"name":"framework","value":"testng"},{"name":"language","value":"java"},{"name":"severity","value":"critical"}],"links":[],"name":"Register New User","status":"broken","statusDetails":{"known":false,"muted":false,"flaky":false,"message":"Root cause: \"org.openqa.selenium.NoSuchElementException: Cannot locate an element using By.xpath: //button[contains(text(),'Create new account')]\"","trace":"java.lang.RuntimeException: Root cause: \"org.openqa.selenium.NoSuchElementException: Cannot locate an element using By.xpath: //button[contains(text(),'Create new account')]\"\r\n\tat com.shaft.gui.element.internal.Actions.report(Actions.java:459)\r\n\tat com.shaft.gui.element.internal.Actions.reportBroken(Actions.java:420)\r\n\tat com.shaft.gui.element.internal.Actions.performAction(Actions.java:204)\r\n\tat com.shaft.gui.element.internal.Actions.click(Actions.java:68)\r\n\tat user.story.registeration.SignupandLoginPage.clickOnSignUpButton(SignupandLoginPage.java:44)\r\n\tat tests.RestfulBookerTests.RegisterUser(RestfulBookerTests.java:29)\r\n\tat java.base/jdk.internal.reflect.DirectMethodHandleAccessor.invoke(DirectMethodHandleAccessor.java:103)\r\n\tat java.base/java.lang.reflect.Method.invoke(Method.java:580)\r\n\tat org.testng.internal.invokers.MethodInvocationHelper.invokeMethod(MethodInvocationHelper.java:141)\r\n\tat org.testng.internal.invokers.TestInvoker.invokeMethod(TestInvoker.java:686)\r\n\tat org.testng.internal.invokers.TestInvoker.invokeTestMethod(TestInvoker.java:230)\r\n\tat org.testng.internal.invokers.MethodRunner.runInSequence(MethodRunner.java:63)\r\n\tat org.testng.internal.invokers.TestInvoker$MethodInvocationAgent.invoke(TestInvoker.java:992)\r\n\tat org.testng.internal.invokers.TestInvoker.invokeTestMethods(TestInvoker.java:203)\r\n\tat org.testng.internal.invokers.TestMethodWorker.invokeTestMethods(TestMethodWorker.java:154)\r\n\tat org.testng.internal.invokers.TestMethodWorker.run(TestMethodWorker.java:134)\r\n\tat java.base/java.util.ArrayList.forEach(ArrayList.java:1596)\r\n\tat org.testng.TestRunner.privateRun(TestRunner.java:739)\r\n\tat org.testng.TestRunner.run(TestRunner.java:614)\r\n\tat org.testng.SuiteRunner.runTest(SuiteRunner.java:421)\r\n\tat org.testng.SuiteRunner.runSequentially(SuiteRunner.java:413)\r\n\tat org.testng.SuiteRunner.privateRun(SuiteRunner.java:373)\r\n\tat org.testng.SuiteRunner.run(SuiteRunner.java:312)\r\n\tat org.testng.SuiteRunnerWorker.runSuite(SuiteRunnerWorker.java:52)\r\n\tat org.testng.SuiteRunnerWorker.run(SuiteRunnerWorker.java:95)\r\n\tat org.testng.TestNG.runSuitesSequentially(TestNG.java:1274)\r\n\tat org.testng.TestNG.runSuitesLocally(TestNG.java:1208)\r\n\tat org.testng.TestNG.runSuites(TestNG.java:1112)\r\n\tat org.testng.TestNG.run(TestNG.java:1079)\r\n\tat com.intellij.rt.testng.IDEARemoteTestNG.run(IDEARemoteTestNG.java:65)\r\n\tat com.intellij.rt.testng.RemoteTestNGStarter.main(RemoteTestNGStarter.java:105)\r\nCaused by: org.openqa.selenium.TimeoutException: Expected condition failed: waiting for com.shaft.gui.element.internal.Actions$$Lambda/0x00000291ad766f48@5c39da9e (tried for 60 second(s) with 100 milliseconds interval)\r\n\tat org.openqa.selenium.support.ui.FluentWait.timeoutException(FluentWait.java:265)\r\n\tat org.openqa.selenium.support.ui.FluentWait.until(FluentWait.java:228)\r\n\tat com.shaft.gui.element.internal.Actions.performAction(Actions.java:95)\r\n\t... 28 more\r\nCaused by: org.openqa.selenium.NoSuchElementException: Cannot locate an element using By.xpath: //button[contains(text(),'Create new account')]\nFor documentation on this error, please visit: https://www.selenium.dev/documentation/webdriver/troubleshooting/errors#no-such-element-exception\nBuild info: version: '4.25.0', revision: '8a8aea2337'\nSystem info: os.name: 'Windows 11', os.arch: 'amd64', os.version: '10.0', java.version: '21.0.5'\nDriver info: driver.version: unknown\r\n\tat com.shaft.gui.element.internal.Actions.lambda$performAction$0(Actions.java:101)\r\n\tat org.openqa.selenium.support.ui.FluentWait.until(FluentWait.java:203)\r\n\t... 29 more\r\n"},"stage":"finished","steps":[{"name":"Set Name And Email Address In Sign Up Form","status":"passed","stage":"finished","steps":[{"name":"Type \"First name\"","status":"passed","stage":"finished","steps":[],"attachments":[],"parameters":[{"name":"locator","value":"By.id: fname"},{"name":"text","value":"Taghreed"}],"start":1739881106021,"stop":1739881106305},{"name":"Type \"Second name\"","status":"passed","stage":"finished","steps":[],"attachments":[],"parameters":[{"name":"locator","value":"By.id: sname"},{"name":"text","value":"Taghreed"}],"start":1739881106306,"stop":1739881106466},{"name":"Type \"Third name\"","status":"passed","stage":"finished","steps":[],"attachments":[],"parameters":[{"name":"locator","value":"By.id: tname"},{"name":"text","value":"Taghreed"}],"start":1739881106470,"stop":1739881106641},{"name":"Type \"Family name\"","status":"passed","stage":"finished","steps":[],"attachments":[],"parameters":[{"name":"locator","value":"By.id: family-name"},{"name":"text","value":"Taghreed"}],"start":1739881106643,"stop":1739881106814},{"name":"Type \"Enter mobile number\"","status":"passed","stage":"finished","steps":[],"attachments":[],"parameters":[{"name":"locator","value":"By.xpath: //*[@id='mobile-number']/span/input"},{"name":"text","value":"1111111111"}],"start":1739881106817,"stop":1739881106993},{"name":"Type \"National ID\"","status":"passed","stage":"finished","steps":[],"attachments":[],"parameters":[{"name":"locator","value":"By.xpath: //input[@placeholder='Enter national ID']"},{"name":"text","value":"11111111111111"}],"start":1739881106995,"stop":1739881107119},{"name":"Type \"Email\"","status":"passed","stage":"finished","steps":[],"attachments":[],"parameters":[{"name":"locator","value":"By.xpath: //input[@placeholder='Enter email']"},{"name":"text","value":"qualoisseuceummu-4630@yopmail.com"}],"start":1739881107120,"stop":1739881107259},{"name":"Type \"Password\"","status":"passed","stage":"finished","steps":[],"attachments":[],"parameters":[{"name":"locator","value":"By.xpath: //*[@id='password']"},{"name":"text","value":"tagh_SA22"}],"start":1739881107260,"stop":1739881107475},{"name":"Type \"Confirm password\"","status":"passed","stage":"finished","steps":[],"attachments":[],"parameters":[{"name":"locator","value":"By.xpath: //*[@id='ConfirmPassword']"},{"name":"text","value":"tagh_SA22"}],"start":1739881107477,"stop":1739881107626}],"attachments":[],"parameters":[{"name":"firstName","value":"Taghreed"},{"name":"secName","value":"Taghreed"},{"name":"thirdName","value":"Taghreed"},{"name":"famName","value":"Taghreed"},{"name":"mobilenumber","value":"1111111111"},{"name":"nationalId","value":"11111111111111"},{"name":"email","value":"qualoisseuceummu-4630@yopmail.com"},{"name":"password","value":"tagh_SA22"},{"name":"confirmPassword","value":"tagh_SA22"}],"start":1739881106004,"stop":1739881107626},{"name":"Click On Sign Up Button","status":"broken","statusDetails":{"known":false,"muted":false,"flaky":false,"message":"Root cause: \"org.openqa.selenium.NoSuchElementException: Cannot locate an element using By.xpath: //button[contains(text(),'Create new account')]\"","trace":"java.lang.RuntimeException: Root cause: \"org.openqa.selenium.NoSuchElementException: Cannot locate an element using By.xpath: //button[contains(text(),'Create new account')]\"\r\n\tat com.shaft.gui.element.internal.Actions.report(Actions.java:459)\r\n\tat com.shaft.gui.element.internal.Actions.reportBroken(Actions.java:420)\r\n\tat com.shaft.gui.element.internal.Actions.performAction(Actions.java:204)\r\n\tat com.shaft.gui.element.internal.Actions.click(Actions.java:68)\r\n\tat user.story.registeration.SignupandLoginPage.clickOnSignUpButton(SignupandLoginPage.java:44)\r\n\tat tests.RestfulBookerTests.RegisterUser(RestfulBookerTests.java:29)\r\n\tat java.base/jdk.internal.reflect.DirectMethodHandleAccessor.invoke(DirectMethodHandleAccessor.java:103)\r\n\tat java.base/java.lang.reflect.Method.invoke(Method.java:580)\r\n\tat org.testng.internal.invokers.MethodInvocationHelper.invokeMethod(MethodInvocationHelper.java:141)\r\n\tat org.testng.internal.invokers.TestInvoker.invokeMethod(TestInvoker.java:686)\r\n\tat org.testng.internal.invokers.TestInvoker.invokeTestMethod(TestInvoker.java:230)\r\n\tat org.testng.internal.invokers.MethodRunner.runInSequence(MethodRunner.java:63)\r\n\tat org.testng.internal.invokers.TestInvoker$MethodInvocationAgent.invoke(TestInvoker.java:992)\r\n\tat org.testng.internal.invokers.TestInvoker.invokeTestMethods(TestInvoker.java:203)\r\n\tat org.testng.internal.invokers.TestMethodWorker.invokeTestMethods(TestMethodWorker.java:154)\r\n\tat org.testng.internal.invokers.TestMethodWorker.run(TestMethodWorker.java:134)\r\n\tat java.base/java.util.ArrayList.forEach(ArrayList.java:1596)\r\n\tat org.testng.TestRunner.privateRun(TestRunner.java:739)\r\n\tat org.testng.TestRunner.run(TestRunner.java:614)\r\n\tat org.testng.SuiteRunner.runTest(SuiteRunner.java:421)\r\n\tat org.testng.SuiteRunner.runSequentially(SuiteRunner.java:413)\r\n\tat org.testng.SuiteRunner.privateRun(SuiteRunner.java:373)\r\n\tat org.testng.SuiteRunner.run(SuiteRunner.java:312)\r\n\tat org.testng.SuiteRunnerWorker.runSuite(SuiteRunnerWorker.java:52)\r\n\tat org.testng.SuiteRunnerWorker.run(SuiteRunnerWorker.java:95)\r\n\tat org.testng.TestNG.runSuitesSequentially(TestNG.java:1274)\r\n\tat org.testng.TestNG.runSuitesLocally(TestNG.java:1208)\r\n\tat org.testng.TestNG.runSuites(TestNG.java:1112)\r\n\tat org.testng.TestNG.run(TestNG.java:1079)\r\n\tat com.intellij.rt.testng.IDEARemoteTestNG.run(IDEARemoteTestNG.java:65)\r\n\tat com.intellij.rt.testng.RemoteTestNGStarter.main(RemoteTestNGStarter.java:105)\r\nCaused by: org.openqa.selenium.TimeoutException: Expected condition failed: waiting for com.shaft.gui.element.internal.Actions$$Lambda/0x00000291ad766f48@5c39da9e (tried for 60 second(s) with 100 milliseconds interval)\r\n\tat org.openqa.selenium.support.ui.FluentWait.timeoutException(FluentWait.java:265)\r\n\tat org.openqa.selenium.support.ui.FluentWait.until(FluentWait.java:228)\r\n\tat com.shaft.gui.element.internal.Actions.performAction(Actions.java:95)\r\n\t... 28 more\r\nCaused by: org.openqa.selenium.NoSuchElementException: Cannot locate an element using By.xpath: //button[contains(text(),'Create new account')]\nFor documentation on this error, please visit: https://www.selenium.dev/documentation/webdriver/troubleshooting/errors#no-such-element-exception\nBuild info: version: '4.25.0', revision: '8a8aea2337'\nSystem info: os.name: 'Windows 11', os.arch: 'amd64', os.version: '10.0', java.version: '21.0.5'\nDriver info: driver.version: unknown\r\n\tat com.shaft.gui.element.internal.Actions.lambda$performAction$0(Actions.java:101)\r\n\tat org.openqa.selenium.support.ui.FluentWait.until(FluentWait.java:203)\r\n\t... 29 more\r\n"},"stage":"finished","steps":[{"name":"Click \"By.xpath: //button[contains(text(),'Create new account')]\" Broken","status":"broken","statusDetails":{"known":false,"muted":false,"flaky":false,"message":"Root cause: \"org.openqa.selenium.NoSuchElementException: Cannot locate an element using By.xpath: //button[contains(text(),'Create new account')]\"","trace":"java.lang.RuntimeException: Root cause: \"org.openqa.selenium.NoSuchElementException: Cannot locate an element using By.xpath: //button[contains(text(),'Create new account')]\"\r\n\tat com.shaft.gui.element.internal.Actions.report(Actions.java:459)\r\n\tat com.shaft.gui.element.internal.Actions.reportBroken(Actions.java:420)\r\n\tat com.shaft.gui.element.internal.Actions.performAction(Actions.java:204)\r\n\tat com.shaft.gui.element.internal.Actions.click(Actions.java:68)\r\n\tat user.story.registeration.SignupandLoginPage.clickOnSignUpButton(SignupandLoginPage.java:44)\r\n\tat tests.RestfulBookerTests.RegisterUser(RestfulBookerTests.java:29)\r\n\tat java.base/jdk.internal.reflect.DirectMethodHandleAccessor.invoke(DirectMethodHandleAccessor.java:103)\r\n\tat java.base/java.lang.reflect.Method.invoke(Method.java:580)\r\n\tat org.testng.internal.invokers.MethodInvocationHelper.invokeMethod(MethodInvocationHelper.java:141)\r\n\tat org.testng.internal.invokers.TestInvoker.invokeMethod(TestInvoker.java:686)\r\n\tat org.testng.internal.invokers.TestInvoker.invokeTestMethod(TestInvoker.java:230)\r\n\tat org.testng.internal.invokers.MethodRunner.runInSequence(MethodRunner.java:63)\r\n\tat org.testng.internal.invokers.TestInvoker$MethodInvocationAgent.invoke(TestInvoker.java:992)\r\n\tat org.testng.internal.invokers.TestInvoker.invokeTestMethods(TestInvoker.java:203)\r\n\tat org.testng.internal.invokers.TestMethodWorker.invokeTestMethods(TestMethodWorker.java:154)\r\n\tat org.testng.internal.invokers.TestMethodWorker.run(TestMethodWorker.java:134)\r\n\tat java.base/java.util.ArrayList.forEach(ArrayList.java:1596)\r\n\tat org.testng.TestRunner.privateRun(TestRunner.java:739)\r\n\tat org.testng.TestRunner.run(TestRunner.java:614)\r\n\tat org.testng.SuiteRunner.runTest(SuiteRunner.java:421)\r\n\tat org.testng.SuiteRunner.runSequentially(SuiteRunner.java:413)\r\n\tat org.testng.SuiteRunner.privateRun(SuiteRunner.java:373)\r\n\tat org.testng.SuiteRunner.run(SuiteRunner.java:312)\r\n\tat org.testng.SuiteRunnerWorker.runSuite(SuiteRunnerWorker.java:52)\r\n\tat org.testng.SuiteRunnerWorker.run(SuiteRunnerWorker.java:95)\r\n\tat org.testng.TestNG.runSuitesSequentially(TestNG.java:1274)\r\n\tat org.testng.TestNG.runSuitesLocally(TestNG.java:1208)\r\n\tat org.testng.TestNG.runSuites(TestNG.java:1112)\r\n\tat org.testng.TestNG.run(TestNG.java:1079)\r\n\tat com.intellij.rt.testng.IDEARemoteTestNG.run(IDEARemoteTestNG.java:65)\r\n\tat com.intellij.rt.testng.RemoteTestNGStarter.main(RemoteTestNGStarter.java:105)\r\nCaused by: org.openqa.selenium.TimeoutException: Expected condition failed: waiting for com.shaft.gui.element.internal.Actions$$Lambda/0x00000291ad766f48@5c39da9e (tried for 60 second(s) with 100 milliseconds interval)\r\n\tat org.openqa.selenium.support.ui.FluentWait.timeoutException(FluentWait.java:265)\r\n\tat org.openqa.selenium.support.ui.FluentWait.until(FluentWait.java:228)\r\n\tat com.shaft.gui.element.internal.Actions.performAction(Actions.java:95)\r\n\t... 28 more\r\nCaused by: org.openqa.selenium.NoSuchElementException: Cannot locate an element using By.xpath: //button[contains(text(),'Create new account')]\nFor documentation on this error, please visit: https://www.selenium.dev/documentation/webdriver/troubleshooting/errors#no-such-element-exception\nBuild info: version: '4.25.0', revision: '8a8aea2337'\nSystem info: os.name: 'Windows 11', os.arch: 'amd64', os.version: '10.0', java.version: '21.0.5'\nDriver info: driver.version: unknown\r\n\tat com.shaft.gui.element.internal.Actions.lambda$performAction$0(Actions.java:101)\r\n\tat org.openqa.selenium.support.ui.FluentWait.until(FluentWait.java:203)\r\n\t... 29 more\r\n"},"stage":"finished","steps":[],"attachments":[{"name":"20250218_141928_Click_By_xpath____button_contains_text____Create_new_account___","source":"3e5e3f46-0e6b-4300-b340-81f10797a738-attachment.png","type":"image/png"}],"parameters":[{"name":"locator","value":"By.xpath: //button[contains(text(),'Create new account')]"}],"start":1739881107628,"stop":1739881168567}],"attachments":[],"parameters":[],"start":1739881107627,"stop":1739881168567}],"attachments":[{"name":"Animated Gif - 1739881168571","source":"934316e7-1577-4b27-bcb1-0c73e18240fa-attachment.gif","type":"image/gif"},{"name":"SHAFT Engine Logs - Current Method log: RegisterUser","source":"c6eaa8d5-c39d-447a-afd9-e71700a5cdba-attachment.txt","type":"text/plain"}],"parameters":[],"start":1739881105779,"stop":1739881168578}